Replace Part C? C in D:\mozakra\Udemy_Altium\projects\PCB_SBW_Assist\Microcontroller.SchDoc with C from My_lib.IntLib
Replace Part C? C in D:\mozakra\Udemy_Altium\projects\PCB_SBW_Assist\Microcontroller.SchDoc with C from My_lib.IntLib
Replace Part C? C in D:\mozakra\Udemy_Altium\projects\PCB_SBW_Assist\Microcontroller.SchDoc with C from My_lib.IntLib
Replace Part C? C in D:\mozakra\Udemy_Altium\projects\PCB_SBW_Assist\Microcontroller.SchDoc with C from My_lib.IntLib
Replace Part C? C in D:\mozakra\Udemy_Altium\projects\PCB_SBW_Assist\Microcontroller.SchDoc with C from My_lib.IntLib
Replace Part C? C in D:\mozakra\Udemy_Altium\projects\PCB_SBW_Assist\Microcontroller.SchDoc with C from My_lib.IntLib
Replace Part C? C in D:\mozakra\Udemy_Altium\projects\PCB_SBW_Assist\Microcontroller.SchDoc with C from My_lib.IntLib
Replace Part C? C in D:\mozakra\Udemy_Altium\projects\PCB_SBW_Assist\Microcontroller.SchDoc with C from My_lib.IntLib
Replace Part C? C in D:\mozakra\Udemy_Altium\projects\PCB_SBW_Assist\Microcontroller.SchDoc with C from My_lib.IntLib
Replace Part C? C in D:\mozakra\Udemy_Altium\projects\PCB_SBW_Assist\Microcontroller.SchDoc with C from My_lib.IntLib
Replace Part C? C in D:\mozakra\Udemy_Altium\projects\PCB_SBW_Assist\Microcontroller.SchDoc with C from My_lib.IntLib
Replace Part C? C in D:\mozakra\Udemy_Altium\projects\PCB_SBW_Assist\Microcontroller.SchDoc with C from My_lib.IntLib
Replace Part C? C in D:\mozakra\Udemy_Altium\projects\PCB_SBW_Assist\Microcontroller.SchDoc with C from My_lib.IntLib
Replace Part C? C in D:\mozakra\Udemy_Altium\projects\PCB_SBW_Assist\Microcontroller.SchDoc with C from My_lib.IntLib
Replace Part C? C in D:\mozakra\Udemy_Altium\projects\PCB_SBW_Assist\Microcontroller.SchDoc with C from My_lib.IntLib
Replace Part C? C in D:\mozakra\Udemy_Altium\projects\PCB_SBW_Assist\Microcontroller.SchDoc with C from My_lib.IntLib
Replace Part C? C in D:\mozakra\Udemy_Altium\projects\PCB_SBW_Assist\Microcontroller.SchDoc with C from My_lib.IntLib
Replace Part IC? AMS1117-3.3 in D:\mozakra\Udemy_Altium\projects\PCB_SBW_Assist\Microcontroller.SchDoc with AMS1117-3.3 from SamacSys.SchLib
Replace Part IC? LP5907MFX-3.3_NOPB in D:\mozakra\Udemy_Altium\projects\PCB_SBW_Assist\Microcontroller.SchDoc with LP5907MFX-3.3_NOPB from SamacSys.SchLib
Replace Part IC? L7805ABD2T-TR in D:\mozakra\Udemy_Altium\projects\PCB_SBW_Assist\Microcontroller.SchDoc with L7805ABD2T-TR from SamacSys.SchLib
Replace Part IC? STM32F405RGT6 in D:\mozakra\Udemy_Altium\projects\PCB_SBW_Assist\Microcontroller.SchDoc with STM32F405RGT6 from SamacSys.SchLib
Replace Part LED? LTST-C190KGKT in D:\mozakra\Udemy_Altium\projects\PCB_SBW_Assist\Microcontroller.SchDoc with LTST-C190KGKT from SamacSys.SchLib
Replace Part Y? CX3225CA16000D0HSSCC in D:\mozakra\Udemy_Altium\projects\PCB_SBW_Assist\Microcontroller.SchDoc with CX3225CA16000D0HSSCC from SamacSys.SchLib
