Replace Part C? C in D:\mozakra\Udemy_Altium\projects\PCB_SBW_Assist\PCB_SBW_Assist.SchDoc with C from My_lib.IntLib
Replace Part C? C in D:\mozakra\Udemy_Altium\projects\PCB_SBW_Assist\PCB_SBW_Assist.SchDoc with C from My_lib.IntLib
Replace Part C? C in D:\mozakra\Udemy_Altium\projects\PCB_SBW_Assist\PCB_SBW_Assist.SchDoc with C from My_lib.IntLib
Replace Part C? C in D:\mozakra\Udemy_Altium\projects\PCB_SBW_Assist\PCB_SBW_Assist.SchDoc with C from My_lib.IntLib
Replace Part C? C in D:\mozakra\Udemy_Altium\projects\PCB_SBW_Assist\PCB_SBW_Assist.SchDoc with C from My_lib.IntLib
Replace Part C? C in D:\mozakra\Udemy_Altium\projects\PCB_SBW_Assist\PCB_SBW_Assist.SchDoc with C from My_lib.IntLib
Replace Part D? MBR140SFT1G in D:\mozakra\Udemy_Altium\projects\PCB_SBW_Assist\PCB_SBW_Assist.SchDoc with MBR140SFT1G from SamacSys.SchLib
Replace Part D? MBR140SFT1G in D:\mozakra\Udemy_Altium\projects\PCB_SBW_Assist\PCB_SBW_Assist.SchDoc with MBR140SFT1G from SamacSys.SchLib
Replace Part IC? UCC27712DR in D:\mozakra\Udemy_Altium\projects\PCB_SBW_Assist\PCB_SBW_Assist.SchDoc with UCC27712DR from SamacSys.SchLib
Replace Part IC? UCC27712DR in D:\mozakra\Udemy_Altium\projects\PCB_SBW_Assist\PCB_SBW_Assist.SchDoc with UCC27712DR from SamacSys.SchLib
Replace Part IC? NCS213RSQT2G in D:\mozakra\Udemy_Altium\projects\PCB_SBW_Assist\PCB_SBW_Assist.SchDoc with NCS213RSQT2G from SamacSys.SchLib
Replace Part Q? NTD5C632NLT4G in D:\mozakra\Udemy_Altium\projects\PCB_SBW_Assist\PCB_SBW_Assist.SchDoc with NTD5C632NLT4G from SamacSys.SchLib
Replace Part Q? NTD5C632NLT4G in D:\mozakra\Udemy_Altium\projects\PCB_SBW_Assist\PCB_SBW_Assist.SchDoc with NTD5C632NLT4G from SamacSys.SchLib
Replace Part Q? NTD5C632NLT4G in D:\mozakra\Udemy_Altium\projects\PCB_SBW_Assist\PCB_SBW_Assist.SchDoc with NTD5C632NLT4G from SamacSys.SchLib
Replace Part Q? NTD5C632NLT4G in D:\mozakra\Udemy_Altium\projects\PCB_SBW_Assist\PCB_SBW_Assist.SchDoc with NTD5C632NLT4G from SamacSys.SchLib
Replace Part Q? NTD5C632NLT4G in D:\mozakra\Udemy_Altium\projects\PCB_SBW_Assist\PCB_SBW_Assist.SchDoc with NTD5C632NLT4G from SamacSys.SchLib
Replace Part Q? NTD5C632NLT4G in D:\mozakra\Udemy_Altium\projects\PCB_SBW_Assist\PCB_SBW_Assist.SchDoc with NTD5C632NLT4G from SamacSys.SchLib
Replace Part Q? NTD5C632NLT4G in D:\mozakra\Udemy_Altium\projects\PCB_SBW_Assist\PCB_SBW_Assist.SchDoc with NTD5C632NLT4G from SamacSys.SchLib
Replace Part Q? NTD5C632NLT4G in D:\mozakra\Udemy_Altium\projects\PCB_SBW_Assist\PCB_SBW_Assist.SchDoc with NTD5C632NLT4G from SamacSys.SchLib
Replace Part R? R in D:\mozakra\Udemy_Altium\projects\PCB_SBW_Assist\PCB_SBW_Assist.SchDoc with R from SamacSys.SchLib
Replace Part R? R in D:\mozakra\Udemy_Altium\projects\PCB_SBW_Assist\PCB_SBW_Assist.SchDoc with R from SamacSys.SchLib
Replace Part R? R in D:\mozakra\Udemy_Altium\projects\PCB_SBW_Assist\PCB_SBW_Assist.SchDoc with R from SamacSys.SchLib
Replace Part R? R in D:\mozakra\Udemy_Altium\projects\PCB_SBW_Assist\PCB_SBW_Assist.SchDoc with R from SamacSys.SchLib
Replace Part R? WSL27263L000FEA in D:\mozakra\Udemy_Altium\projects\PCB_SBW_Assist\PCB_SBW_Assist.SchDoc with WSL27263L000FEA from SamacSys.SchLib
